<?xml version="1.0" encoding="UTF-8"?>
<!DOCTYPE suite SYSTEM "http://testng.org/testng-1.0.dtd">
<suite name="regression">
    <test name="regression">
        <parameter name="login" value="Vadim"/>
        <parameter name="password" value="qwerty"/>
        <classes>
            <class name="LoginTest">
                <methods>
                    <include name="loginTest"/>
                </methods>
            </class>
        </classes>
    </test>
    <test name="another run">
        <parameter name="login" value="Admin"/>
        <parameter name="password" value="admin"/>
        <classes>
            <class name="LoginTest">
                <methods>
                    <include name="loginTest"/>
                </methods>
            </class>
        </classes>
    </test>
</suite>